Analysis & Synthesis report for demo_colision
Fri Jun 24 15:09:04 2016
Quartus II 64-Bit Version 13.0.1 Build 232 06/12/2013 Service Pack 1 SJ Web Edition


---------------------
; Table of Contents ;
---------------------
  1. Legal Notice
  2. Analysis & Synthesis Summary
  3. Analysis & Synthesis Settings
  4. Parallel Compilation
  5. Analysis & Synthesis Source Files Read
  6. Analysis & Synthesis Resource Usage Summary
  7. Analysis & Synthesis Resource Utilization by Entity
  8. General Register Statistics
  9. Parameter Settings for User Entity Instance: Top-level Entity: |demo_colision
 10. Parameter Settings for User Entity Instance: colision:colision1
 11. Port Connectivity Checks: "colision:colision1"
 12. Elapsed Time Per Partition
 13. Analysis & Synthesis Messages



----------------
; Legal Notice ;
----------------
Copyright (C) 1991-2013 Altera Corporation
Your use of Altera Corporation's design tools, logic functions 
and other software and tools, and its AMPP partner logic 
functions, and any output files from any of the foregoing 
(including device programming or simulation files), and any 
associated documentation or information are expressly subject 
to the terms and conditions of the Altera Program License 
Subscription Agreement, Altera MegaCore Function License 
Agreement, or other applicable license agreement, including, 
without limitation, that your use is for the sole purpose of 
programming logic devices manufactured by Altera and sold by 
Altera or its authorized distributors.  Please refer to the 
applicable agreement for further details.



+--------------------------------------------------------------------------------------+
; Analysis & Synthesis Summary                                                         ;
+------------------------------------+-------------------------------------------------+
; Analysis & Synthesis Status        ; Successful - Fri Jun 24 15:09:04 2016           ;
; Quartus II 64-Bit Version          ; 13.0.1 Build 232 06/12/2013 SP 1 SJ Web Edition ;
; Revision Name                      ; demo_colision                                   ;
; Top-level Entity Name              ; demo_colision                                   ;
; Family                             ; Cyclone II                                      ;
; Total logic elements               ; 0                                               ;
;     Total combinational functions  ; 0                                               ;
;     Dedicated logic registers      ; 0                                               ;
; Total registers                    ; 0                                               ;
; Total pins                         ; 68                                              ;
; Total virtual pins                 ; 0                                               ;
; Total memory bits                  ; 0                                               ;
; Embedded Multiplier 9-bit elements ; 0                                               ;
; Total PLLs                         ; 0                                               ;
+------------------------------------+-------------------------------------------------+


+----------------------------------------------------------------------------------------------------------------------+
; Analysis & Synthesis Settings                                                                                        ;
+----------------------------------------------------------------------------+--------------------+--------------------+
; Option                                                                     ; Setting            ; Default Value      ;
+----------------------------------------------------------------------------+--------------------+--------------------+
; Device                                                                     ; EP2C20F484C7       ;                    ;
; Top-level entity name                                                      ; demo_colision      ; demo_colision      ;
; Family name                                                                ; Cyclone II         ; Cyclone IV GX      ;
; Use smart compilation                                                      ; Off                ; Off                ;
; Enable parallel Assembler and TimeQuest Timing Analyzer during compilation ; On                 ; On                 ;
; Enable compact report table                                                ; Off                ; Off                ;
; Restructure Multiplexers                                                   ; Auto               ; Auto               ;
; Create Debugging Nodes for IP Cores                                        ; Off                ; Off                ;
; Preserve fewer node names                                                  ; On                 ; On                 ;
; Disable OpenCore Plus hardware evaluation                                  ; Off                ; Off                ;
; Verilog Version                                                            ; Verilog_2001       ; Verilog_2001       ;
; VHDL Version                                                               ; VHDL_1993          ; VHDL_1993          ;
; State Machine Processing                                                   ; Auto               ; Auto               ;
; Safe State Machine                                                         ; Off                ; Off                ;
; Extract Verilog State Machines                                             ; On                 ; On                 ;
; Extract VHDL State Machines                                                ; On                 ; On                 ;
; Ignore Verilog initial constructs                                          ; Off                ; Off                ;
; Iteration limit for constant Verilog loops                                 ; 5000               ; 5000               ;
; Iteration limit for non-constant Verilog loops                             ; 250                ; 250                ;
; Add Pass-Through Logic to Inferred RAMs                                    ; On                 ; On                 ;
; Infer RAMs from Raw Logic                                                  ; On                 ; On                 ;
; Parallel Synthesis                                                         ; On                 ; On                 ;
; DSP Block Balancing                                                        ; Auto               ; Auto               ;
; NOT Gate Push-Back                                                         ; On                 ; On                 ;
; Power-Up Don't Care                                                        ; On                 ; On                 ;
; Remove Redundant Logic Cells                                               ; Off                ; Off                ;
; Remove Duplicate Registers                                                 ; On                 ; On                 ;
; Ignore CARRY Buffers                                                       ; Off                ; Off                ;
; Ignore CASCADE Buffers                                                     ; Off                ; Off                ;
; Ignore GLOBAL Buffers                                                      ; Off                ; Off                ;
; Ignore ROW GLOBAL Buffers                                                  ; Off                ; Off                ;
; Ignore LCELL Buffers                                                       ; Off                ; Off                ;
; Ignore SOFT Buffers                                                        ; On                 ; On                 ;
; Limit AHDL Integers to 32 Bits                                             ; Off                ; Off                ;
; Optimization Technique                                                     ; Balanced           ; Balanced           ;
; Carry Chain Length                                                         ; 70                 ; 70                 ;
; Auto Carry Chains                                                          ; On                 ; On                 ;
; Auto Open-Drain Pins                                                       ; On                 ; On                 ;
; Perform WYSIWYG Primitive Resynthesis                                      ; Off                ; Off                ;
; Auto ROM Replacement                                                       ; On                 ; On                 ;
; Auto RAM Replacement                                                       ; On                 ; On                 ;
; Auto Shift Register Replacement                                            ; Auto               ; Auto               ;
; Allow Shift Register Merging across Hierarchies                            ; Auto               ; Auto               ;
; Auto Clock Enable Replacement                                              ; On                 ; On                 ;
; Strict RAM Replacement                                                     ; Off                ; Off                ;
; Allow Synchronous Control Signals                                          ; On                 ; On                 ;
; Force Use of Synchronous Clear Signals                                     ; Off                ; Off                ;
; Auto RAM to Logic Cell Conversion                                          ; Off                ; Off                ;
; Auto Resource Sharing                                                      ; Off                ; Off                ;
; Allow Any RAM Size For Recognition                                         ; Off                ; Off                ;
; Allow Any ROM Size For Recognition                                         ; Off                ; Off                ;
; Allow Any Shift Register Size For Recognition                              ; Off                ; Off                ;
; Use LogicLock Constraints during Resource Balancing                        ; On                 ; On                 ;
; Ignore translate_off and synthesis_off directives                          ; Off                ; Off                ;
; Timing-Driven Synthesis                                                    ; Off                ; Off                ;
; Report Parameter Settings                                                  ; On                 ; On                 ;
; Report Source Assignments                                                  ; On                 ; On                 ;
; Report Connectivity Checks                                                 ; On                 ; On                 ;
; Ignore Maximum Fan-Out Assignments                                         ; Off                ; Off                ;
; Synchronization Register Chain Length                                      ; 2                  ; 2                  ;
; PowerPlay Power Optimization                                               ; Normal compilation ; Normal compilation ;
; HDL message level                                                          ; Level2             ; Level2             ;
; Suppress Register Optimization Related Messages                            ; Off                ; Off                ;
; Number of Removed Registers Reported in Synthesis Report                   ; 5000               ; 5000               ;
; Number of Swept Nodes Reported in Synthesis Report                         ; 5000               ; 5000               ;
; Number of Inverted Registers Reported in Synthesis Report                  ; 100                ; 100                ;
; Clock MUX Protection                                                       ; On                 ; On                 ;
; Auto Gated Clock Conversion                                                ; Off                ; Off                ;
; Block Design Naming                                                        ; Auto               ; Auto               ;
; SDC constraint protection                                                  ; Off                ; Off                ;
; Synthesis Effort                                                           ; Auto               ; Auto               ;
; Shift Register Replacement - Allow Asynchronous Clear Signal               ; On                 ; On                 ;
; Pre-Mapping Resynthesis Optimization                                       ; Off                ; Off                ;
; Analysis & Synthesis Message Level                                         ; Medium             ; Medium             ;
; Disable Register Merging Across Hierarchies                                ; Auto               ; Auto               ;
; Resource Aware Inference For Block RAM                                     ; On                 ; On                 ;
; Synthesis Seed                                                             ; 1                  ; 1                  ;
+----------------------------------------------------------------------------+--------------------+--------------------+


Parallel compilation was disabled, but you have multiple processors available. Enable parallel compilation to reduce compilation time.
+-------------------------------------+
; Parallel Compilation                ;
+----------------------------+--------+
; Processors                 ; Number ;
+----------------------------+--------+
; Number detected on machine ; 8      ;
; Maximum allowed            ; 1      ;
+----------------------------+--------+


+----------------------------------------------------------------------------------------------------------------------------------------------------------+
; Analysis & Synthesis Source Files Read                                                                                                                   ;
+----------------------------------+-----------------+-----------------+-------------------------------------------------------------------------+---------+
; File Name with User-Entered Path ; Used in Netlist ; File Type       ; File Name with Absolute Path                                            ; Library ;
+----------------------------------+-----------------+-----------------+-------------------------------------------------------------------------+---------+
; ../src/snake_lib/snake_pack.vhd  ; yes             ; User VHDL File  ; /home/laurocruz/Desktop/snakes_vhdl-master/src/snake_lib/snake_pack.vhd ;         ;
; ../src/snake_lib/colision.vhd    ; yes             ; User VHDL File  ; /home/laurocruz/Desktop/snakes_vhdl-master/src/snake_lib/colision.vhd   ;         ;
; demo_colision.vhd                ; yes             ; User VHDL File  ; /home/laurocruz/Desktop/snakes_vhdl-master/colision/demo_colision.vhd   ;         ;
+----------------------------------+-----------------+-----------------+-------------------------------------------------------------------------+---------+


+-----------------------------------------------------+
; Analysis & Synthesis Resource Usage Summary         ;
+---------------------------------------------+-------+
; Resource                                    ; Usage ;
+---------------------------------------------+-------+
;                                             ;       ;
; Total combinational functions               ; 0     ;
; Logic element usage by number of LUT inputs ;       ;
;     -- 4 input functions                    ; 0     ;
;     -- 3 input functions                    ; 0     ;
;     -- <=2 input functions                  ; 0     ;
;                                             ;       ;
; Logic elements by mode                      ;       ;
;     -- normal mode                          ; 0     ;
;     -- arithmetic mode                      ; 0     ;
;                                             ;       ;
; Total registers                             ; 0     ;
;     -- Dedicated logic registers            ; 0     ;
;     -- I/O registers                        ; 0     ;
;                                             ;       ;
; I/O pins                                    ; 68    ;
; Embedded Multiplier 9-bit elements          ; 0     ;
+---------------------------------------------+-------+


+-----------------------------------------------------------------------------------------------------------------------------------------------------------------------------+
; Analysis & Synthesis Resource Utilization by Entity                                                                                                                         ;
+----------------------------+-------------------+--------------+-------------+--------------+---------+-----------+------+--------------+---------------------+--------------+
; Compilation Hierarchy Node ; LC Combinationals ; LC Registers ; Memory Bits ; DSP Elements ; DSP 9x9 ; DSP 18x18 ; Pins ; Virtual Pins ; Full Hierarchy Name ; Library Name ;
+----------------------------+-------------------+--------------+-------------+--------------+---------+-----------+------+--------------+---------------------+--------------+
; |demo_colision             ; 0 (0)             ; 0 (0)        ; 0           ; 0            ; 0       ; 0         ; 68   ; 0            ; |demo_colision      ; work         ;
+----------------------------+-------------------+--------------+-------------+--------------+---------+-----------+------+--------------+---------------------+--------------+
Note: For table entries with two numbers listed, the numbers in parentheses indicate the number of resources of the given type used by the specific entity alone. The numbers listed outside of parentheses indicate the total resources of the given type used by the specific entity and all of its sub-entities in the hierarchy.


+------------------------------------------------------+
; General Register Statistics                          ;
+----------------------------------------------+-------+
; Statistic                                    ; Value ;
+----------------------------------------------+-------+
; Total registers                              ; 0     ;
; Number of registers using Synchronous Clear  ; 0     ;
; Number of registers using Synchronous Load   ; 0     ;
; Number of registers using Asynchronous Clear ; 0     ;
; Number of registers using Asynchronous Load  ; 0     ;
; Number of registers using Clock Enable       ; 0     ;
; Number of registers using Preset             ; 0     ;
+----------------------------------------------+-------+


+-------------------------------------------------------------------------------+
; Parameter Settings for User Entity Instance: Top-level Entity: |demo_colision ;
+----------------+-------+------------------------------------------------------+
; Parameter Name ; Value ; Type                                                 ;
+----------------+-------+------------------------------------------------------+
; N              ; 8     ; Signed Integer                                       ;
; M              ; 8     ; Signed Integer                                       ;
+----------------+-------+------------------------------------------------------+
Note: In order to hide this table in the UI and the text report file, please set the "Show Parameter Settings in Synthesis Report" option in "Analysis and Synthesis Settings -> More Settings" to "Off".


+-----------------------------------------------------------------+
; Parameter Settings for User Entity Instance: colision:colision1 ;
+----------------+-------+----------------------------------------+
; Parameter Name ; Value ; Type                                   ;
+----------------+-------+----------------------------------------+
; n              ; 8     ; Signed Integer                         ;
; m              ; 8     ; Signed Integer                         ;
+----------------+-------+----------------------------------------+
Note: In order to hide this table in the UI and the text report file, please set the "Show Parameter Settings in Synthesis Report" option in "Analysis and Synthesis Settings -> More Settings" to "Off".


+--------------------------------------------------------+
; Port Connectivity Checks: "colision:colision1"         ;
+----------------------+-------+----------+--------------+
; Port                 ; Type  ; Severity ; Details      ;
+----------------------+-------+----------+--------------+
; snake_body[0][8..5]  ; Input ; Info     ; Stuck at VCC ;
; snake_body[0][3..2]  ; Input ; Info     ; Stuck at VCC ;
; snake_body[0][1..0]  ; Input ; Info     ; Stuck at GND ;
; snake_body[0][4]     ; Input ; Info     ; Stuck at GND ;
; snake_body[1][8..5]  ; Input ; Info     ; Stuck at VCC ;
; snake_body[1][3..2]  ; Input ; Info     ; Stuck at VCC ;
; snake_body[1][1..0]  ; Input ; Info     ; Stuck at GND ;
; snake_body[1][4]     ; Input ; Info     ; Stuck at GND ;
; snake_body[2][8..5]  ; Input ; Info     ; Stuck at VCC ;
; snake_body[2][3..2]  ; Input ; Info     ; Stuck at VCC ;
; snake_body[2][1..0]  ; Input ; Info     ; Stuck at GND ;
; snake_body[2][4]     ; Input ; Info     ; Stuck at GND ;
; snake_body[3][8..5]  ; Input ; Info     ; Stuck at VCC ;
; snake_body[3][3..2]  ; Input ; Info     ; Stuck at VCC ;
; snake_body[3][1..0]  ; Input ; Info     ; Stuck at GND ;
; snake_body[3][4]     ; Input ; Info     ; Stuck at GND ;
; snake_body[4][8..5]  ; Input ; Info     ; Stuck at VCC ;
; snake_body[4][3..2]  ; Input ; Info     ; Stuck at VCC ;
; snake_body[4][1..0]  ; Input ; Info     ; Stuck at GND ;
; snake_body[4][4]     ; Input ; Info     ; Stuck at GND ;
; snake_body[5][8..5]  ; Input ; Info     ; Stuck at VCC ;
; snake_body[5][3..2]  ; Input ; Info     ; Stuck at VCC ;
; snake_body[5][1..0]  ; Input ; Info     ; Stuck at GND ;
; snake_body[5][4]     ; Input ; Info     ; Stuck at GND ;
; snake_body[6][8..5]  ; Input ; Info     ; Stuck at VCC ;
; snake_body[6][3..2]  ; Input ; Info     ; Stuck at VCC ;
; snake_body[6][1..0]  ; Input ; Info     ; Stuck at GND ;
; snake_body[6][4]     ; Input ; Info     ; Stuck at GND ;
; snake_body[7][8..5]  ; Input ; Info     ; Stuck at VCC ;
; snake_body[7][3..2]  ; Input ; Info     ; Stuck at VCC ;
; snake_body[7][1..0]  ; Input ; Info     ; Stuck at GND ;
; snake_body[7][4]     ; Input ; Info     ; Stuck at GND ;
; snake_body[8][8..5]  ; Input ; Info     ; Stuck at VCC ;
; snake_body[8][3..2]  ; Input ; Info     ; Stuck at VCC ;
; snake_body[8][1..0]  ; Input ; Info     ; Stuck at GND ;
; snake_body[8][4]     ; Input ; Info     ; Stuck at GND ;
; snake_body[9][8..5]  ; Input ; Info     ; Stuck at VCC ;
; snake_body[9][3..2]  ; Input ; Info     ; Stuck at VCC ;
; snake_body[9][1..0]  ; Input ; Info     ; Stuck at GND ;
; snake_body[9][4]     ; Input ; Info     ; Stuck at GND ;
; snake_body[10][8..5] ; Input ; Info     ; Stuck at VCC ;
; snake_body[10][3..2] ; Input ; Info     ; Stuck at VCC ;
; snake_body[10][1..0] ; Input ; Info     ; Stuck at GND ;
; snake_body[10][4]    ; Input ; Info     ; Stuck at GND ;
; snake_body[11][8..5] ; Input ; Info     ; Stuck at VCC ;
; snake_body[11][3..2] ; Input ; Info     ; Stuck at VCC ;
; snake_body[11][1..0] ; Input ; Info     ; Stuck at GND ;
; snake_body[11][4]    ; Input ; Info     ; Stuck at GND ;
; snake_body[12][8..5] ; Input ; Info     ; Stuck at VCC ;
; snake_body[12][3..2] ; Input ; Info     ; Stuck at VCC ;
; snake_body[12][1..0] ; Input ; Info     ; Stuck at GND ;
; snake_body[12][4]    ; Input ; Info     ; Stuck at GND ;
; snake_body[13][8..5] ; Input ; Info     ; Stuck at VCC ;
; snake_body[13][3..2] ; Input ; Info     ; Stuck at VCC ;
; snake_body[13][1..0] ; Input ; Info     ; Stuck at GND ;
; snake_body[13][4]    ; Input ; Info     ; Stuck at GND ;
; snake_body[14][8..5] ; Input ; Info     ; Stuck at VCC ;
; snake_body[14][3..2] ; Input ; Info     ; Stuck at VCC ;
; snake_body[14][1..0] ; Input ; Info     ; Stuck at GND ;
; snake_body[14][4]    ; Input ; Info     ; Stuck at GND ;
; snake_body[15][8..5] ; Input ; Info     ; Stuck at VCC ;
; snake_body[15][3..2] ; Input ; Info     ; Stuck at VCC ;
; snake_body[15][1..0] ; Input ; Info     ; Stuck at GND ;
; snake_body[15][4]    ; Input ; Info     ; Stuck at GND ;
; snake_body[16][8..5] ; Input ; Info     ; Stuck at VCC ;
; snake_body[16][3..2] ; Input ; Info     ; Stuck at VCC ;
; snake_body[16][1..0] ; Input ; Info     ; Stuck at GND ;
; snake_body[16][4]    ; Input ; Info     ; Stuck at GND ;
; snake_body[17][8..5] ; Input ; Info     ; Stuck at VCC ;
; snake_body[17][3..2] ; Input ; Info     ; Stuck at VCC ;
; snake_body[17][1..0] ; Input ; Info     ; Stuck at GND ;
; snake_body[17][4]    ; Input ; Info     ; Stuck at GND ;
; snake_body[18][8..5] ; Input ; Info     ; Stuck at VCC ;
; snake_body[18][3..2] ; Input ; Info     ; Stuck at VCC ;
; snake_body[18][1..0] ; Input ; Info     ; Stuck at GND ;
; snake_body[18][4]    ; Input ; Info     ; Stuck at GND ;
; snake_body[19][8..5] ; Input ; Info     ; Stuck at VCC ;
; snake_body[19][3..2] ; Input ; Info     ; Stuck at VCC ;
; snake_body[19][1..0] ; Input ; Info     ; Stuck at GND ;
; snake_body[19][4]    ; Input ; Info     ; Stuck at GND ;
; snake_body[20][8..5] ; Input ; Info     ; Stuck at VCC ;
; snake_body[20][3..2] ; Input ; Info     ; Stuck at VCC ;
; snake_body[20][1..0] ; Input ; Info     ; Stuck at GND ;
; snake_body[20][4]    ; Input ; Info     ; Stuck at GND ;
; snake_body[21][8..5] ; Input ; Info     ; Stuck at VCC ;
; snake_body[21][3..2] ; Input ; Info     ; Stuck at VCC ;
; snake_body[21][1..0] ; Input ; Info     ; Stuck at GND ;
; snake_body[21][4]    ; Input ; Info     ; Stuck at GND ;
; snake_body[22][8..5] ; Input ; Info     ; Stuck at VCC ;
; snake_body[22][3..2] ; Input ; Info     ; Stuck at VCC ;
; snake_body[22][1..0] ; Input ; Info     ; Stuck at GND ;
; snake_body[22][4]    ; Input ; Info     ; Stuck at GND ;
; snake_body[23][8..5] ; Input ; Info     ; Stuck at VCC ;
; snake_body[23][3..2] ; Input ; Info     ; Stuck at VCC ;
; snake_body[23][1..0] ; Input ; Info     ; Stuck at GND ;
; snake_body[23][4]    ; Input ; Info     ; Stuck at GND ;
; snake_body[24][8..5] ; Input ; Info     ; Stuck at VCC ;
; snake_body[24][3..2] ; Input ; Info     ; Stuck at VCC ;
; snake_body[24][1..0] ; Input ; Info     ; Stuck at GND ;
; snake_body[24][4]    ; Input ; Info     ; Stuck at GND ;
; snake_body[25][8..5] ; Input ; Info     ; Stuck at VCC ;
; snake_body[25][3..2] ; Input ; Info     ; Stuck at VCC ;
; snake_body[25][1..0] ; Input ; Info     ; Stuck at GND ;
; snake_body[25][4]    ; Input ; Info     ; Stuck at GND ;
; snake_body[26][8..5] ; Input ; Info     ; Stuck at VCC ;
; snake_body[26][3..2] ; Input ; Info     ; Stuck at VCC ;
; snake_body[26][1..0] ; Input ; Info     ; Stuck at GND ;
; snake_body[26][4]    ; Input ; Info     ; Stuck at GND ;
; snake_body[27][8..5] ; Input ; Info     ; Stuck at VCC ;
; snake_body[27][3..2] ; Input ; Info     ; Stuck at VCC ;
; snake_body[27][1..0] ; Input ; Info     ; Stuck at GND ;
; snake_body[27][4]    ; Input ; Info     ; Stuck at GND ;
; snake_body[28][8..5] ; Input ; Info     ; Stuck at VCC ;
; snake_body[28][3..2] ; Input ; Info     ; Stuck at VCC ;
; snake_body[28][1..0] ; Input ; Info     ; Stuck at GND ;
; snake_body[28][4]    ; Input ; Info     ; Stuck at GND ;
; snake_body[29][8..5] ; Input ; Info     ; Stuck at VCC ;
; snake_body[29][3..2] ; Input ; Info     ; Stuck at VCC ;
; snake_body[29][1..0] ; Input ; Info     ; Stuck at GND ;
; snake_body[29][4]    ; Input ; Info     ; Stuck at GND ;
; snake_body[30][8..5] ; Input ; Info     ; Stuck at VCC ;
; snake_body[30][3..2] ; Input ; Info     ; Stuck at VCC ;
; snake_body[30][1..0] ; Input ; Info     ; Stuck at GND ;
; snake_body[30][4]    ; Input ; Info     ; Stuck at GND ;
; snake_body[31][8..5] ; Input ; Info     ; Stuck at VCC ;
; snake_body[31][3..2] ; Input ; Info     ; Stuck at VCC ;
; snake_body[31][1..0] ; Input ; Info     ; Stuck at GND ;
; snake_body[31][4]    ; Input ; Info     ; Stuck at GND ;
; snake_body[32][8..5] ; Input ; Info     ; Stuck at VCC ;
; snake_body[32][3..2] ; Input ; Info     ; Stuck at VCC ;
; snake_body[32][1..0] ; Input ; Info     ; Stuck at GND ;
; snake_body[32][4]    ; Input ; Info     ; Stuck at GND ;
; snake_body[33][8..5] ; Input ; Info     ; Stuck at VCC ;
; snake_body[33][3..2] ; Input ; Info     ; Stuck at VCC ;
; snake_body[33][1..0] ; Input ; Info     ; Stuck at GND ;
; snake_body[33][4]    ; Input ; Info     ; Stuck at GND ;
; snake_body[34][8..5] ; Input ; Info     ; Stuck at VCC ;
; snake_body[34][3..2] ; Input ; Info     ; Stuck at VCC ;
; snake_body[34][1..0] ; Input ; Info     ; Stuck at GND ;
; snake_body[34][4]    ; Input ; Info     ; Stuck at GND ;
; snake_body[35][8..5] ; Input ; Info     ; Stuck at VCC ;
; snake_body[35][3..2] ; Input ; Info     ; Stuck at VCC ;
; snake_body[35][1..0] ; Input ; Info     ; Stuck at GND ;
; snake_body[35][4]    ; Input ; Info     ; Stuck at GND ;
; snake_body[36][8..5] ; Input ; Info     ; Stuck at VCC ;
; snake_body[36][3..2] ; Input ; Info     ; Stuck at VCC ;
; snake_body[36][1..0] ; Input ; Info     ; Stuck at GND ;
; snake_body[36][4]    ; Input ; Info     ; Stuck at GND ;
; snake_body[37][8..5] ; Input ; Info     ; Stuck at VCC ;
; snake_body[37][3..2] ; Input ; Info     ; Stuck at VCC ;
; snake_body[37][1..0] ; Input ; Info     ; Stuck at GND ;
; snake_body[37][4]    ; Input ; Info     ; Stuck at GND ;
; snake_body[38][8..5] ; Input ; Info     ; Stuck at VCC ;
; snake_body[38][3..2] ; Input ; Info     ; Stuck at VCC ;
; snake_body[38][1..0] ; Input ; Info     ; Stuck at GND ;
; snake_body[38][4]    ; Input ; Info     ; Stuck at GND ;
; snake_body[39][8..5] ; Input ; Info     ; Stuck at VCC ;
; snake_body[39][3..2] ; Input ; Info     ; Stuck at VCC ;
; snake_body[39][1..0] ; Input ; Info     ; Stuck at GND ;
; snake_body[39][4]    ; Input ; Info     ; Stuck at GND ;
; snake_body[40][8..5] ; Input ; Info     ; Stuck at VCC ;
; snake_body[40][3..2] ; Input ; Info     ; Stuck at VCC ;
; snake_body[40][1..0] ; Input ; Info     ; Stuck at GND ;
; snake_body[40][4]    ; Input ; Info     ; Stuck at GND ;
; snake_body[41][8..5] ; Input ; Info     ; Stuck at VCC ;
; snake_body[41][3..2] ; Input ; Info     ; Stuck at VCC ;
; snake_body[41][1..0] ; Input ; Info     ; Stuck at GND ;
; snake_body[41][4]    ; Input ; Info     ; Stuck at GND ;
; snake_body[42][8..5] ; Input ; Info     ; Stuck at VCC ;
; snake_body[42][3..2] ; Input ; Info     ; Stuck at VCC ;
; snake_body[42][1..0] ; Input ; Info     ; Stuck at GND ;
; snake_body[42][4]    ; Input ; Info     ; Stuck at GND ;
; snake_body[43][8..5] ; Input ; Info     ; Stuck at VCC ;
; snake_body[43][3..2] ; Input ; Info     ; Stuck at VCC ;
; snake_body[43][1..0] ; Input ; Info     ; Stuck at GND ;
; snake_body[43][4]    ; Input ; Info     ; Stuck at GND ;
; snake_body[44][8..5] ; Input ; Info     ; Stuck at VCC ;
; snake_body[44][3..2] ; Input ; Info     ; Stuck at VCC ;
; snake_body[44][1..0] ; Input ; Info     ; Stuck at GND ;
; snake_body[44][4]    ; Input ; Info     ; Stuck at GND ;
; snake_body[45][8..5] ; Input ; Info     ; Stuck at VCC ;
; snake_body[45][3..2] ; Input ; Info     ; Stuck at VCC ;
; snake_body[45][1..0] ; Input ; Info     ; Stuck at GND ;
; snake_body[45][4]    ; Input ; Info     ; Stuck at GND ;
; snake_body[46][8..5] ; Input ; Info     ; Stuck at VCC ;
; snake_body[46][3..2] ; Input ; Info     ; Stuck at VCC ;
; snake_body[46][1..0] ; Input ; Info     ; Stuck at GND ;
; snake_body[46][4]    ; Input ; Info     ; Stuck at GND ;
; snake_body[47][8..5] ; Input ; Info     ; Stuck at VCC ;
; snake_body[47][3..2] ; Input ; Info     ; Stuck at VCC ;
; snake_body[47][1..0] ; Input ; Info     ; Stuck at GND ;
; snake_body[47][4]    ; Input ; Info     ; Stuck at GND ;
; snake_body[48][8..5] ; Input ; Info     ; Stuck at VCC ;
; snake_body[48][3..2] ; Input ; Info     ; Stuck at VCC ;
; snake_body[48][1..0] ; Input ; Info     ; Stuck at GND ;
; snake_body[48][4]    ; Input ; Info     ; Stuck at GND ;
; snake_body[49][8..5] ; Input ; Info     ; Stuck at VCC ;
; snake_body[49][3..2] ; Input ; Info     ; Stuck at VCC ;
; snake_body[49][1..0] ; Input ; Info     ; Stuck at GND ;
; snake_body[49][4]    ; Input ; Info     ; Stuck at GND ;
; snake_body[50][8..5] ; Input ; Info     ; Stuck at VCC ;
; snake_body[50][3..2] ; Input ; Info     ; Stuck at VCC ;
; snake_body[50][1..0] ; Input ; Info     ; Stuck at GND ;
; snake_body[50][4]    ; Input ; Info     ; Stuck at GND ;
; snake_body[51][8..5] ; Input ; Info     ; Stuck at VCC ;
; snake_body[51][3..2] ; Input ; Info     ; Stuck at VCC ;
; snake_body[51][1..0] ; Input ; Info     ; Stuck at GND ;
; snake_body[51][4]    ; Input ; Info     ; Stuck at GND ;
; snake_body[52][8..5] ; Input ; Info     ; Stuck at VCC ;
; snake_body[52][3..2] ; Input ; Info     ; Stuck at VCC ;
; snake_body[52][1..0] ; Input ; Info     ; Stuck at GND ;
; snake_body[52][4]    ; Input ; Info     ; Stuck at GND ;
; snake_body[53][8..5] ; Input ; Info     ; Stuck at VCC ;
; snake_body[53][3..2] ; Input ; Info     ; Stuck at VCC ;
; snake_body[53][1..0] ; Input ; Info     ; Stuck at GND ;
; snake_body[53][4]    ; Input ; Info     ; Stuck at GND ;
; snake_body[54][8..5] ; Input ; Info     ; Stuck at VCC ;
; snake_body[54][3..2] ; Input ; Info     ; Stuck at VCC ;
; snake_body[54][1..0] ; Input ; Info     ; Stuck at GND ;
; snake_body[54][4]    ; Input ; Info     ; Stuck at GND ;
; snake_body[55][8..5] ; Input ; Info     ; Stuck at VCC ;
; snake_body[55][3..2] ; Input ; Info     ; Stuck at VCC ;
; snake_body[55][1..0] ; Input ; Info     ; Stuck at GND ;
; snake_body[55][4]    ; Input ; Info     ; Stuck at GND ;
; snake_body[56][8..5] ; Input ; Info     ; Stuck at VCC ;
; snake_body[56][3..2] ; Input ; Info     ; Stuck at VCC ;
; snake_body[56][1..0] ; Input ; Info     ; Stuck at GND ;
; snake_body[56][4]    ; Input ; Info     ; Stuck at GND ;
; snake_body[57][8..5] ; Input ; Info     ; Stuck at VCC ;
; snake_body[57][3..2] ; Input ; Info     ; Stuck at VCC ;
; snake_body[57][1..0] ; Input ; Info     ; Stuck at GND ;
; snake_body[57][4]    ; Input ; Info     ; Stuck at GND ;
; snake_body[58][8..5] ; Input ; Info     ; Stuck at VCC ;
; snake_body[58][3..2] ; Input ; Info     ; Stuck at VCC ;
; snake_body[58][1..0] ; Input ; Info     ; Stuck at GND ;
; snake_body[58][4]    ; Input ; Info     ; Stuck at GND ;
; snake_body[59][8..5] ; Input ; Info     ; Stuck at VCC ;
; snake_body[59][3..2] ; Input ; Info     ; Stuck at VCC ;
; snake_body[59][1..0] ; Input ; Info     ; Stuck at GND ;
; snake_body[59][4]    ; Input ; Info     ; Stuck at GND ;
; snake_body[60][8..5] ; Input ; Info     ; Stuck at VCC ;
; snake_body[60][3..2] ; Input ; Info     ; Stuck at VCC ;
; snake_body[60][1..0] ; Input ; Info     ; Stuck at GND ;
; snake_body[60][4]    ; Input ; Info     ; Stuck at GND ;
; snake_body[61][8..5] ; Input ; Info     ; Stuck at VCC ;
; snake_body[61][3..2] ; Input ; Info     ; Stuck at VCC ;
; snake_body[61][1..0] ; Input ; Info     ; Stuck at GND ;
; snake_body[61][4]    ; Input ; Info     ; Stuck at GND ;
; snake_body[62][8..5] ; Input ; Info     ; Stuck at VCC ;
; snake_body[62][3..2] ; Input ; Info     ; Stuck at VCC ;
; snake_body[62][1..0] ; Input ; Info     ; Stuck at GND ;
; snake_body[62][4]    ; Input ; Info     ; Stuck at GND ;
; snake_body[63][8..5] ; Input ; Info     ; Stuck at VCC ;
; snake_body[63][3..2] ; Input ; Info     ; Stuck at VCC ;
; snake_body[63][1..0] ; Input ; Info     ; Stuck at GND ;
; snake_body[63][4]    ; Input ; Info     ; Stuck at GND ;
+----------------------+-------+----------+--------------+


+-------------------------------+
; Elapsed Time Per Partition    ;
+----------------+--------------+
; Partition Name ; Elapsed Time ;
+----------------+--------------+
; Top            ; 00:00:00     ;
+----------------+--------------+


+-------------------------------+
; Analysis & Synthesis Messages ;
+-------------------------------+
Info: *******************************************************************
Info: Running Quartus II 64-Bit Analysis & Synthesis
    Info: Version 13.0.1 Build 232 06/12/2013 Service Pack 1 SJ Web Edition
    Info: Processing started: Fri Jun 24 15:09:03 2016
Info: Command: quartus_map --read_settings_files=on --write_settings_files=off demo_colision -c demo_colision
Warning (20028): Parallel compilation is not licensed and has been disabled
Info (12021): Found 1 design units, including 0 entities, in source file /home/laurocruz/Desktop/snakes_vhdl-master/src/snake_lib/snake_pack.vhd
    Info (12022): Found design unit 1: snake_pack
Info (12021): Found 2 design units, including 1 entities, in source file /home/laurocruz/Desktop/snakes_vhdl-master/src/snake_lib/colision.vhd
    Info (12022): Found design unit 1: colision-Behavior
    Info (12023): Found entity 1: colision
Info (12021): Found 2 design units, including 1 entities, in source file demo_colision.vhd
    Info (12022): Found design unit 1: demo_colision-Behavior
    Info (12023): Found entity 1: demo_colision
Info (12127): Elaborating entity "demo_colision" for the top level hierarchy
Warning (10541): VHDL Signal Declaration warning at demo_colision.vhd(19): used implicit default value for signal "snake_body" because signal was never assigned a value or an explicit default value. Use of implicit default value may introduce unintended design optimizations.
Info (12128): Elaborating entity "colision" for hierarchy "colision:colision1"
Warning (10492): VHDL Process Statement warning at colision.vhd(37): signal "dir" is read inside the Process Statement but isn't in the Process Statement's sensitivity list
Warning (10492): VHDL Process Statement warning at colision.vhd(41): signal "dir" is read inside the Process Statement but isn't in the Process Statement's sensitivity list
Warning (10492): VHDL Process Statement warning at colision.vhd(45): signal "dir" is read inside the Process Statement but isn't in the Process Statement's sensitivity list
Warning (10631): VHDL Process Statement warning at colision.vhd(22): inferring latch(es) for signal or variable "gmap", which holds its previous value in one or more paths through the process
Info (10041): Inferred latch for "gmap[63]" at colision.vhd(22)
Info (10041): Inferred latch for "gmap[62]" at colision.vhd(22)
Info (10041): Inferred latch for "gmap[61]" at colision.vhd(22)
Info (10041): Inferred latch for "gmap[60]" at colision.vhd(22)
Info (10041): Inferred latch for "gmap[59]" at colision.vhd(22)
Info (10041): Inferred latch for "gmap[58]" at colision.vhd(22)
Info (10041): Inferred latch for "gmap[57]" at colision.vhd(22)
Info (10041): Inferred latch for "gmap[56]" at colision.vhd(22)
Info (10041): Inferred latch for "gmap[55]" at colision.vhd(22)
Info (10041): Inferred latch for "gmap[54]" at colision.vhd(22)
Info (10041): Inferred latch for "gmap[53]" at colision.vhd(22)
Info (10041): Inferred latch for "gmap[52]" at colision.vhd(22)
Info (10041): Inferred latch for "gmap[51]" at colision.vhd(22)
Info (10041): Inferred latch for "gmap[50]" at colision.vhd(22)
Info (10041): Inferred latch for "gmap[49]" at colision.vhd(22)
Info (10041): Inferred latch for "gmap[48]" at colision.vhd(22)
Info (10041): Inferred latch for "gmap[47]" at colision.vhd(22)
Info (10041): Inferred latch for "gmap[46]" at colision.vhd(22)
Info (10041): Inferred latch for "gmap[45]" at colision.vhd(22)
Info (10041): Inferred latch for "gmap[44]" at colision.vhd(22)
Info (10041): Inferred latch for "gmap[43]" at colision.vhd(22)
Info (10041): Inferred latch for "gmap[42]" at colision.vhd(22)
Info (10041): Inferred latch for "gmap[41]" at colision.vhd(22)
Info (10041): Inferred latch for "gmap[40]" at colision.vhd(22)
Info (10041): Inferred latch for "gmap[39]" at colision.vhd(22)
Info (10041): Inferred latch for "gmap[38]" at colision.vhd(22)
Info (10041): Inferred latch for "gmap[37]" at colision.vhd(22)
Info (10041): Inferred latch for "gmap[36]" at colision.vhd(22)
Info (10041): Inferred latch for "gmap[35]" at colision.vhd(22)
Info (10041): Inferred latch for "gmap[34]" at colision.vhd(22)
Info (10041): Inferred latch for "gmap[33]" at colision.vhd(22)
Info (10041): Inferred latch for "gmap[32]" at colision.vhd(22)
Info (10041): Inferred latch for "gmap[31]" at colision.vhd(22)
Info (10041): Inferred latch for "gmap[30]" at colision.vhd(22)
Info (10041): Inferred latch for "gmap[29]" at colision.vhd(22)
Info (10041): Inferred latch for "gmap[28]" at colision.vhd(22)
Info (10041): Inferred latch for "gmap[27]" at colision.vhd(22)
Info (10041): Inferred latch for "gmap[26]" at colision.vhd(22)
Info (10041): Inferred latch for "gmap[25]" at colision.vhd(22)
Info (10041): Inferred latch for "gmap[24]" at colision.vhd(22)
Info (10041): Inferred latch for "gmap[23]" at colision.vhd(22)
Info (10041): Inferred latch for "gmap[22]" at colision.vhd(22)
Info (10041): Inferred latch for "gmap[21]" at colision.vhd(22)
Info (10041): Inferred latch for "gmap[20]" at colision.vhd(22)
Info (10041): Inferred latch for "gmap[19]" at colision.vhd(22)
Info (10041): Inferred latch for "gmap[18]" at colision.vhd(22)
Info (10041): Inferred latch for "gmap[17]" at colision.vhd(22)
Info (10041): Inferred latch for "gmap[16]" at colision.vhd(22)
Info (10041): Inferred latch for "gmap[15]" at colision.vhd(22)
Info (10041): Inferred latch for "gmap[14]" at colision.vhd(22)
Info (10041): Inferred latch for "gmap[13]" at colision.vhd(22)
Info (10041): Inferred latch for "gmap[12]" at colision.vhd(22)
Info (10041): Inferred latch for "gmap[11]" at colision.vhd(22)
Info (10041): Inferred latch for "gmap[10]" at colision.vhd(22)
Info (10041): Inferred latch for "gmap[9]" at colision.vhd(22)
Info (10041): Inferred latch for "gmap[8]" at colision.vhd(22)
Info (10041): Inferred latch for "gmap[7]" at colision.vhd(22)
Info (10041): Inferred latch for "gmap[6]" at colision.vhd(22)
Info (10041): Inferred latch for "gmap[5]" at colision.vhd(22)
Info (10041): Inferred latch for "gmap[4]" at colision.vhd(22)
Info (10041): Inferred latch for "gmap[3]" at colision.vhd(22)
Info (10041): Inferred latch for "gmap[2]" at colision.vhd(22)
Info (10041): Inferred latch for "gmap[1]" at colision.vhd(22)
Info (10041): Inferred latch for "gmap[0]" at colision.vhd(22)
Warning (13024): Output pins are stuck at VCC or GND
    Warning (13410): Pin "gmap[63]" is stuck at VCC
    Warning (13410): Pin "gmap[62]" is stuck at VCC
    Warning (13410): Pin "gmap[61]" is stuck at VCC
    Warning (13410): Pin "gmap[60]" is stuck at VCC
    Warning (13410): Pin "gmap[59]" is stuck at VCC
    Warning (13410): Pin "gmap[58]" is stuck at VCC
    Warning (13410): Pin "gmap[57]" is stuck at VCC
    Warning (13410): Pin "gmap[56]" is stuck at VCC
    Warning (13410): Pin "gmap[55]" is stuck at VCC
    Warning (13410): Pin "gmap[54]" is stuck at VCC
    Warning (13410): Pin "gmap[53]" is stuck at VCC
    Warning (13410): Pin "gmap[52]" is stuck at VCC
    Warning (13410): Pin "gmap[51]" is stuck at VCC
    Warning (13410): Pin "gmap[50]" is stuck at VCC
    Warning (13410): Pin "gmap[49]" is stuck at VCC
    Warning (13410): Pin "gmap[48]" is stuck at VCC
    Warning (13410): Pin "gmap[47]" is stuck at VCC
    Warning (13410): Pin "gmap[46]" is stuck at VCC
    Warning (13410): Pin "gmap[45]" is stuck at VCC
    Warning (13410): Pin "gmap[44]" is stuck at VCC
    Warning (13410): Pin "gmap[43]" is stuck at VCC
    Warning (13410): Pin "gmap[42]" is stuck at VCC
    Warning (13410): Pin "gmap[41]" is stuck at VCC
    Warning (13410): Pin "gmap[40]" is stuck at VCC
    Warning (13410): Pin "gmap[39]" is stuck at VCC
    Warning (13410): Pin "gmap[38]" is stuck at VCC
    Warning (13410): Pin "gmap[37]" is stuck at VCC
    Warning (13410): Pin "gmap[36]" is stuck at VCC
    Warning (13410): Pin "gmap[35]" is stuck at VCC
    Warning (13410): Pin "gmap[34]" is stuck at VCC
    Warning (13410): Pin "gmap[33]" is stuck at VCC
    Warning (13410): Pin "gmap[32]" is stuck at VCC
    Warning (13410): Pin "gmap[31]" is stuck at VCC
    Warning (13410): Pin "gmap[30]" is stuck at VCC
    Warning (13410): Pin "gmap[29]" is stuck at VCC
    Warning (13410): Pin "gmap[28]" is stuck at VCC
    Warning (13410): Pin "gmap[27]" is stuck at VCC
    Warning (13410): Pin "gmap[26]" is stuck at VCC
    Warning (13410): Pin "gmap[25]" is stuck at VCC
    Warning (13410): Pin "gmap[24]" is stuck at VCC
    Warning (13410): Pin "gmap[23]" is stuck at VCC
    Warning (13410): Pin "gmap[22]" is stuck at VCC
    Warning (13410): Pin "gmap[21]" is stuck at VCC
    Warning (13410): Pin "gmap[20]" is stuck at VCC
    Warning (13410): Pin "gmap[19]" is stuck at VCC
    Warning (13410): Pin "gmap[18]" is stuck at VCC
    Warning (13410): Pin "gmap[17]" is stuck at VCC
    Warning (13410): Pin "gmap[16]" is stuck at VCC
    Warning (13410): Pin "gmap[15]" is stuck at VCC
    Warning (13410): Pin "gmap[14]" is stuck at VCC
    Warning (13410): Pin "gmap[13]" is stuck at VCC
    Warning (13410): Pin "gmap[12]" is stuck at VCC
    Warning (13410): Pin "gmap[11]" is stuck at VCC
    Warning (13410): Pin "gmap[10]" is stuck at VCC
    Warning (13410): Pin "gmap[9]" is stuck at VCC
    Warning (13410): Pin "gmap[8]" is stuck at VCC
    Warning (13410): Pin "gmap[7]" is stuck at VCC
    Warning (13410): Pin "gmap[6]" is stuck at VCC
    Warning (13410): Pin "gmap[5]" is stuck at VCC
    Warning (13410): Pin "gmap[4]" is stuck at VCC
    Warning (13410): Pin "gmap[3]" is stuck at VCC
    Warning (13410): Pin "gmap[2]" is stuck at VCC
    Warning (13410): Pin "gmap[1]" is stuck at VCC
    Warning (13410): Pin "gmap[0]" is stuck at VCC
    Warning (13410): Pin "lost" is stuck at VCC
Info (16010): Generating hard_block partition "hard_block:auto_generated_inst"
    Info (16011): Adding 0 node(s), including 0 DDIO, 0 PLL, 0 transceiver and 0 LCELL
Warning (21074): Design contains 3 input pin(s) that do not drive logic
    Warning (15610): No output dependent on input pin "dir[0]"
    Warning (15610): No output dependent on input pin "dir[1]"
    Warning (15610): No output dependent on input pin "reset"
Info (21057): Implemented 68 device resources after synthesis - the final resource count might be different
    Info (21058): Implemented 3 input pins
    Info (21059): Implemented 65 output pins
Info: Quartus II 64-Bit Analysis & Synthesis was successful. 0 errors, 76 warnings
    Info: Peak virtual memory: 617 megabytes
    Info: Processing ended: Fri Jun 24 15:09:04 2016
    Info: Elapsed time: 00:00:01
    Info: Total CPU time (on all processors): 00:00:01


